////////////////////////////////////////////////////////////
// 5 KB values - Need to redo
////////////////////////////////////////////////////////////

Seguro Phase 2 benchmarks...
Ensuring correct API version...
Setting up network...
Creating the database...
Running default benchmarks...

Running write benchmarks for 20-fragment events...
Generating 100000 100000-byte mock events...
Starting network thread...
Generating mock events complete.
Fragmenting mock events...
Fragmented mock events.
Running batch size 40 benchmark...
Wall clock time to write events: 193.00 s
Total CPU time to write events:  47.84 s
Thread time to write events:     23.92 s
Average time per event:          0.2392 ms
Max batch time:                  3.1650 ms
Avg batch time:                  0.4785 ms
Min batch time:                  0.0210 ms
Batch size 40 benchmark complete.
Write benchmarks for 20-fragment events complete.

Default benchmarks complete.
Tearing down database...
Successfully shutdown network thread.
Benchmarks completed.

////////////////////////////////////////////////////////////
// 10 KB values
////////////////////////////////////////////////////////////

Seguro Phase 2 benchmarks...
Ensuring correct API version...
Setting up network...
Creating the database...
Running default benchmarks...

Running write benchmarks for 10-fragment events...
Generating 100000 100000-byte mock events...
Starting network thread...
Generating mock events complete.
Fragmenting mock events...
Fragmented mock events.
Running batch size 100 benchmark...
Wall clock time to write events: 172.00 s
Total CPU time to write events:  25.85 s
Thread time to write events:     13.67 s
Average time per event:          0.1367 ms
Max batch time:                  7.6080 ms
Avg batch time:                  1.3672 ms
Min batch time:                  0.0510 ms
Batch size 100 benchmark complete.
Write benchmarks for 10-fragment events complete.

Default benchmarks complete.
Tearing down database...
Successfully shutdown network thread.
Benchmarks completed.

////////////////////////////////////////////////////////////
// 25 KB values
////////////////////////////////////////////////////////////

Seguro Phase 2 benchmarks...
Ensuring correct API version...
Setting up network...
Creating the database...
Running default benchmarks...

Running write benchmarks for 4-fragment events...
Generating 100000 100000-byte mock events...
Starting network thread...
Generating mock events complete.
Fragmenting mock events...
Fragmented mock events.
Running batch size 40 benchmark...
Wall clock time to write events: 183.00 s
Total CPU time to write events:  39.90 s
Thread time to write events:     10.64 s
Average time per event:          0.1064 ms
Max batch time:                  5.1800 ms
Avg batch time:                  1.0641 ms
Min batch time:                  0.0360 ms
Batch size 40 benchmark complete.
Write benchmarks for 4-fragment events complete.

Default benchmarks complete.
Tearing down database...
Successfully shutdown network thread.
Benchmarks completed.

////////////////////////////////////////////////////////////
// 50 KB values
////////////////////////////////////////////////////////////

Seguro Phase 2 benchmarks...
Ensuring correct API version...
Setting up network...
Creating the database...
Running default benchmarks...

Running write benchmarks for 2-fragment events...
Generating 100000 100000-byte mock events...
Starting network thread...
Generating mock events complete.
Fragmenting mock events...
Fragmented mock events.
Running batch size 20 benchmark...
Wall clock time to write events: 162.00 s
Total CPU time to write events:  37.25 s
Thread time to write events:     10.26 s
Average time per event:          0.1026 ms
Max batch time:                  4.4460 ms
Avg batch time:                  1.0264 ms
Min batch time:                  0.0330 ms
Batch size 20 benchmark complete.
Write benchmarks for 2-fragment events complete.

Default benchmarks complete.
Tearing down database...
Successfully shutdown network thread.
Benchmarks completed.

////////////////////////////////////////////////////////////
// 100 KB values
////////////////////////////////////////////////////////////

Seguro Phase 2 benchmarks...
Ensuring correct API version...
Setting up network...
Creating the database...
Running default benchmarks...

Running write benchmarks for 1-fragment events...
Generating 100000 100000-byte mock events...
Starting network thread...
Generating mock events complete.
Fragmenting mock events...
Fragmented mock events.
Running batch size 10 benchmark...
Wall clock time to write events: 43.00 s
Total CPU time to write events:  7.28 s
Thread time to write events:     5.31 s
Average time per event:          0.0531 ms
Max batch time:                  2.3700 ms
Batch size 10 benchmark complete.
Avg batch time:                  0.5309 ms
Min batch time:                  0.0260 ms
Write benchmarks for 1-fragment events complete.

Default benchmarks complete.
Tearing down database...
Successfully shutdown network thread.
Benchmarks completed.
